2025-07-15 12:44:06,811 - INFO - Starting full data processing pipeline...
2025-07-15 12:44:06,813 - INFO - Loading data from sample_diabetes_data.csv
2025-07-15 12:44:06,813 - INFO - Data loaded successfully. Shape: (1000, 31)
2025-07-15 12:44:06,813 - INFO - Performing data exploration...
2025-07-15 12:44:06,833 - INFO - Data exploration completed. Dataset has 1000 rows and 31 columns.
2025-07-15 12:44:06,833 - INFO - Starting data cleaning...
2025-07-15 12:44:06,837 - INFO - Removed 0 duplicate rows
2025-07-15 12:44:06,837 - INFO - Removed 51 records with missing weight
2025-07-15 12:44:06,846 - INFO - Removed 188 records with death/hospice discharge
2025-07-15 12:44:06,848 - INFO - Removed 0 duplicate encounters
2025-07-15 12:44:06,848 - INFO - Data cleaning completed. Final dataset shape: (761, 31)
2025-07-15 12:44:06,848 - INFO - Creating target variable for 30-day readmission...
2025-07-15 12:44:06,854 - INFO - Target distribution - Not readmitted: 669, Readmitted within 30 days: 92
2025-07-15 12:44:06,854 - INFO - Handling missing values...
2025-07-15 12:44:06,863 - INFO - Missing value handling completed
2025-07-15 12:44:06,863 - INFO - Handling outliers...
2025-07-15 12:44:06,884 - INFO - Outlier handling completed for 11 numerical columns
2025-07-15 12:44:06,884 - INFO - Performing feature engineering...
2025-07-15 12:44:06,896 - INFO - Feature engineering completed. Added 9 new features
2025-07-15 12:44:06,896 - INFO - Encoding categorical features...
2025-07-15 12:44:07,004 - INFO - Categorical encoding completed for 17 columns
2025-07-15 12:44:07,004 - INFO - Calculating feature importance...
2025-07-15 12:44:07,344 - INFO - Feature importance calculation completed
2025-07-15 12:44:07,344 - INFO - Exporting data in formats: ['csv', 'json']
2025-07-15 12:44:07,359 - INFO - Data exported to CSV: demo_output\diabetes_processed_20250715_124407.csv
2025-07-15 12:44:07,376 - ERROR - Pipeline failed: Cannot interpret 'CategoricalDtype(categories=['Young', 'Middle', 'Senior', 'Elderly'], ordered=True, categories_dtype=object)' as a data type
2025-07-15 12:44:07,397 - INFO - Loading data from sample_data_steps.csv
2025-07-15 12:44:07,399 - INFO - Data loaded successfully. Shape: (500, 31)
2025-07-15 12:44:07,399 - INFO - Performing data exploration...
2025-07-15 12:44:07,411 - INFO - Data exploration completed. Dataset has 500 rows and 31 columns.
2025-07-15 12:44:07,411 - INFO - Starting data cleaning...
2025-07-15 12:44:07,418 - INFO - Removed 0 duplicate rows
2025-07-15 12:44:07,424 - INFO - Removed 31 records with missing weight
2025-07-15 12:44:07,426 - INFO - Removed 100 records with death/hospice discharge
2025-07-15 12:44:07,426 - INFO - Removed 0 duplicate encounters
2025-07-15 12:44:07,428 - INFO - Data cleaning completed. Final dataset shape: (369, 31)
2025-07-15 12:44:07,429 - INFO - Creating target variable for 30-day readmission...
2025-07-15 12:44:07,429 - INFO - Target distribution - Not readmitted: 333, Readmitted within 30 days: 36
2025-07-15 12:44:07,429 - INFO - Handling missing values...
2025-07-15 12:44:07,440 - INFO - Missing value handling completed
2025-07-15 12:44:07,444 - INFO - Performing feature engineering...
2025-07-15 12:44:07,452 - INFO - Feature engineering completed. Added 9 new features
2025-07-15 12:44:07,452 - INFO - Encoding categorical features...
2025-07-15 12:44:07,483 - INFO - Categorical encoding completed for 17 columns
2025-07-15 12:44:07,485 - INFO - Calculating feature importance...
2025-07-15 12:44:07,793 - INFO - Feature importance calculation completed
