2025-07-15 12:43:52,947 - INFO - Starting full data processing pipeline...
2025-07-15 12:43:52,958 - INFO - Loading data from C:\Users\Mayur\Downloads\intern-main\intern-main\demo_output\diabetes_processed_20250715_060328.csv
2025-07-15 12:43:52,976 - INFO - Data loaded successfully. Shape: (761, 79)
2025-07-15 12:43:52,977 - INFO - Performing data exploration...
2025-07-15 12:43:52,987 - INFO - Data exploration completed. Dataset has 761 rows and 79 columns.
2025-07-15 12:43:52,988 - INFO - Starting data cleaning...
2025-07-15 12:43:52,991 - INFO - Removed 0 duplicate rows
2025-07-15 12:43:52,996 - INFO - Removed 0 records with death/hospice discharge
2025-07-15 12:43:52,996 - INFO - Removed 0 duplicate encounters
2025-07-15 12:43:52,999 - INFO - Data cleaning completed. Final dataset shape: (761, 79)
2025-07-15 12:43:52,999 - INFO - Creating target variable for 30-day readmission...
2025-07-15 12:43:53,000 - INFO - Target distribution - Not readmitted: 669, Readmitted within 30 days: 92
2025-07-15 12:43:53,000 - INFO - Handling missing values...
2025-07-15 12:43:53,005 - INFO - Missing value handling completed
2025-07-15 12:43:53,005 - INFO - Handling outliers...
2025-07-15 12:43:53,036 - INFO - Outlier handling completed for 19 numerical columns
2025-07-15 12:43:53,036 - INFO - Performing feature engineering...
2025-07-15 12:43:53,048 - INFO - Feature engineering completed. Added 9 new features
2025-07-15 12:43:53,048 - INFO - Encoding categorical features...
2025-07-15 12:43:53,048 - INFO - Categorical encoding completed for 1 columns
2025-07-15 12:43:53,048 - INFO - Calculating feature importance...
2025-07-15 12:43:53,379 - INFO - Feature importance calculation completed
2025-07-15 12:43:53,380 - INFO - Exporting data in formats: ['csv', 'json']
2025-07-15 12:43:53,396 - INFO - Data exported to CSV: processed_data\diabetes_processed_20250715_124353.csv
2025-07-15 12:43:53,417 - INFO - Data exported to JSON: processed_data\diabetes_processed_20250715_124353.json
2025-07-15 12:43:53,417 - INFO - Generating validation report...
2025-07-15 12:43:53,430 - INFO - Validation report generated: processed_data\validation_report_20250715_124353.json
2025-07-15 12:43:53,435 - INFO - Full pipeline completed successfully!
